#! /usr/local/bin/vvp
:ivl_version "13.0 (devel)" "(s20250103-36-gea26587b5)";
:ivl_delay_selection "TYPICAL";
:vpi_time_precision - 12;
:vpi_module "/usr/local/lib/ivl/system.vpi";
:vpi_module "/usr/local/lib/ivl/vhdl_sys.vpi";
:vpi_module "/usr/local/lib/ivl/vhdl_textio.vpi";
:vpi_module "/usr/local/lib/ivl/v2005_math.vpi";
:vpi_module "/usr/local/lib/ivl/va_math.vpi";
S_0x5c09f0c72780 .scope module, "tb_ha" "tb_ha" 2 3;
 .timescale -9 -12;
v0x5c09f0c872c0_0 .var "a", 0 0;
v0x5c09f0c87380_0 .var "b", 0 0;
v0x5c09f0c87450_0 .net "carry", 0 0, L_0x5c09f0c87780;  1 drivers
v0x5c09f0c87550_0 .net "sum", 0 0, L_0x5c09f0c87620;  1 drivers
S_0x5c09f0c72910 .scope module, "uut" "ha" 2 14, 3 1 0, S_0x5c09f0c72780;
 .timescale 0 0;
    .port_info 0 /INPUT 1 "a";
    .port_info 1 /INPUT 1 "b";
    .port_info 2 /OUTPUT 1 "sum";
    .port_info 3 /OUTPUT 1 "carry";
L_0x5c09f0c87620 .functor XOR 1, v0x5c09f0c872c0_0, v0x5c09f0c87380_0, C4<0>, C4<0>;
L_0x5c09f0c87780 .functor AND 1, v0x5c09f0c872c0_0, v0x5c09f0c87380_0, C4<1>, C4<1>;
v0x5c09f0c72af0_0 .net "a", 0 0, v0x5c09f0c872c0_0;  1 drivers
v0x5c09f0c86ff0_0 .net "b", 0 0, v0x5c09f0c87380_0;  1 drivers
v0x5c09f0c870b0_0 .net "carry", 0 0, L_0x5c09f0c87780;  alias, 1 drivers
v0x5c09f0c87150_0 .net "sum", 0 0, L_0x5c09f0c87620;  alias, 1 drivers
    .scope S_0x5c09f0c72780;
T_0 ;
    %vpi_call 2 23 "$dumpfile", "tb_ha.vcd" {0 0 0};
    %vpi_call 2 24 "$dumpvars", 32'sb00000000000000000000000000000001, S_0x5c09f0c72780 {0 0 0};
    %vpi_call 2 27 "$display", "a b | sum carry" {0 0 0};
    %vpi_call 2 28 "$display", "--------------" {0 0 0};
    %pushi/vec4 0, 0, 1;
    %store/vec4 v0x5c09f0c872c0_0, 0, 1;
    %pushi/vec4 0, 0, 1;
    %store/vec4 v0x5c09f0c87380_0, 0, 1;
    %delay 10000, 0;
    %vpi_call 2 32 "$display", "%b %b |  %b    %b", v0x5c09f0c872c0_0, v0x5c09f0c87380_0, v0x5c09f0c87550_0, v0x5c09f0c87450_0 {0 0 0};
    %pushi/vec4 0, 0, 1;
    %store/vec4 v0x5c09f0c872c0_0, 0, 1;
    %pushi/vec4 1, 0, 1;
    %store/vec4 v0x5c09f0c87380_0, 0, 1;
    %delay 10000, 0;
    %vpi_call 2 35 "$display", "%b %b |  %b    %b", v0x5c09f0c872c0_0, v0x5c09f0c87380_0, v0x5c09f0c87550_0, v0x5c09f0c87450_0 {0 0 0};
    %pushi/vec4 1, 0, 1;
    %store/vec4 v0x5c09f0c872c0_0, 0, 1;
    %pushi/vec4 0, 0, 1;
    %store/vec4 v0x5c09f0c87380_0, 0, 1;
    %delay 10000, 0;
    %vpi_call 2 38 "$display", "%b %b |  %b    %b", v0x5c09f0c872c0_0, v0x5c09f0c87380_0, v0x5c09f0c87550_0, v0x5c09f0c87450_0 {0 0 0};
    %pushi/vec4 1, 0, 1;
    %store/vec4 v0x5c09f0c872c0_0, 0, 1;
    %pushi/vec4 1, 0, 1;
    %store/vec4 v0x5c09f0c87380_0, 0, 1;
    %delay 10000, 0;
    %vpi_call 2 41 "$display", "%b %b |  %b    %b", v0x5c09f0c872c0_0, v0x5c09f0c87380_0, v0x5c09f0c87550_0, v0x5c09f0c87450_0 {0 0 0};
    %vpi_call 2 43 "$finish" {0 0 0};
    %end;
    .thread T_0;
# The file index is used to find the file name in the following table.
:file_names 4;
    "N/A";
    "<interactive>";
    "tb_ha.v";
    "ha.v";
